<?xml version="1.0" encoding="UTF-8"?>
<!-- Generated by org.testng.reporters.JUnitReportReporter -->
<testsuite skipped="0" hostname="ADBIN0257" name="com.greenorbit.qa.testcases.WebsiteUserPageTest" tests="7" failures="0" timestamp="19 Aug 2019 04:20:16 GMT" time="135.789" errors="0">
  <testcase name="verifyWebsiteUserPageTitle" time="12.863" classname="com.greenorbit.qa.testcases.WebsiteUserPageTest"/>
  <testcase name="verifyCreateNewWebsiteUser" time="22.055" classname="com.greenorbit.qa.testcases.WebsiteUserPageTest"/>
  <testcase name="verifyCreateNewWebsiteUser" time="20.056" classname="com.greenorbit.qa.testcases.WebsiteUserPageTest"/>
  <testcase name="verifyCreateNewWebsiteUser" time="18.851" classname="com.greenorbit.qa.testcases.WebsiteUserPageTest"/>
  <testcase name="verifyCreateNewWebsiteUser" time="20.779" classname="com.greenorbit.qa.testcases.WebsiteUserPageTest"/>
  <testcase name="verifyCreateNewWebsiteUser" time="20.642" classname="com.greenorbit.qa.testcases.WebsiteUserPageTest"/>
  <testcase name="verifyCreateNewWebsiteUser" time="20.543" classname="com.greenorbit.qa.testcases.WebsiteUserPageTest"/>
</testsuite> <!-- com.greenorbit.qa.testcases.WebsiteUserPageTest -->
