<?xml version="1.0" encoding="UTF-8"?>
<!-- Generated by org.testng.reporters.JUnitReportReporter -->
<testsuite skipped="0" hostname="ADBIN0257" name="com.greenorbit.qa.testcases.HomePageTest" tests="6" failures="0" timestamp="17 Aug 2019 17:19:40 GMT" time="230.979" errors="0">
  <testcase name="verifyHomePageTitleTest" time="39.825" classname="com.greenorbit.qa.testcases.HomePageTest"/>
  <testcase name="verifyPageHeadingTest" time="27.802" classname="com.greenorbit.qa.testcases.HomePageTest"/>
  <testcase name="clickOnHelpLinkTest" time="36.041" classname="com.greenorbit.qa.testcases.HomePageTest"/>
  <testcase name="clickOnAboutLinkTest" time="38.852" classname="com.greenorbit.qa.testcases.HomePageTest"/>
  <testcase name="clickOnWebsiteUserTest" time="41.513" classname="com.greenorbit.qa.testcases.HomePageTest"/>
  <testcase name="clickonAddWebsiteUserTest" time="46.946" classname="com.greenorbit.qa.testcases.HomePageTest"/>
</testsuite> <!-- com.greenorbit.qa.testcases.HomePageTest -->
