<?xml version="1.0" encoding="UTF-8"?>
<!-- Generated by org.testng.reporters.JUnitReportReporter -->
<testsuite skipped="0" hostname="ADBIN0257" name="com.greenorbit.qa.testcases.HomePageTest" tests="6" failures="0" timestamp="19 Aug 2019 07:17:22 GMT" time="91.234" errors="0">
  <testcase name="verifyHomePageTitleTest" time="11.967" classname="com.greenorbit.qa.testcases.HomePageTest"/>
  <testcase name="verifyPageHeadingTest" time="12.583" classname="com.greenorbit.qa.testcases.HomePageTest"/>
  <testcase name="clickOnHelpLinkTest" time="13.055" classname="com.greenorbit.qa.testcases.HomePageTest"/>
  <testcase name="clickOnAboutLinkTest" time="20.175" classname="com.greenorbit.qa.testcases.HomePageTest"/>
  <testcase name="clickOnWebsiteUserTest" time="16.201" classname="com.greenorbit.qa.testcases.HomePageTest"/>
  <testcase name="clickonAddWebsiteUserTest" time="17.253" classname="com.greenorbit.qa.testcases.HomePageTest"/>
</testsuite> <!-- com.greenorbit.qa.testcases.HomePageTest -->
