<?xml version="1.0" encoding="UTF-8"?>
<!-- Generated by org.testng.reporters.JUnitReportReporter -->
<testsuite skipped="0" hostname="ADBIN0257" name="com.greenorbit.qa.testcases.LoginPageTest" tests="2" failures="0" timestamp="19 Aug 2019 07:15:10 GMT" time="17.022" errors="0">
  <testcase name="loginPageTitleTest" time="8.448" classname="com.greenorbit.qa.testcases.LoginPageTest"/>
  <testcase name="loginTest" time="8.574" classname="com.greenorbit.qa.testcases.LoginPageTest"/>
</testsuite> <!-- com.greenorbit.qa.testcases.LoginPageTest -->
