<?xml version="1.0" encoding="UTF-8"?>
<!-- Generated by org.testng.reporters.JUnitReportReporter -->
<testsuite skipped="0" hostname="ADBIN0257" name="com.greenorbit.qa.testcases.HomePageTest" tests="6" failures="0" timestamp="17 Aug 2019 17:30:50 GMT" time="196.929" errors="0">
  <testcase name="verifyHomePageTitleTest" time="31.875" classname="com.greenorbit.qa.testcases.HomePageTest"/>
  <testcase name="verifyPageHeadingTest" time="24.891" classname="com.greenorbit.qa.testcases.HomePageTest"/>
  <testcase name="clickOnHelpLinkTest" time="28.296" classname="com.greenorbit.qa.testcases.HomePageTest"/>
  <testcase name="clickOnAboutLinkTest" time="34.940" classname="com.greenorbit.qa.testcases.HomePageTest"/>
  <testcase name="clickOnWebsiteUserTest" time="40.013" classname="com.greenorbit.qa.testcases.HomePageTest"/>
  <testcase name="clickonAddWebsiteUserTest" time="36.914" classname="com.greenorbit.qa.testcases.HomePageTest"/>
</testsuite> <!-- com.greenorbit.qa.testcases.HomePageTest -->
