<?xml version="1.0" encoding="UTF-8"?>
<!-- Generated by org.testng.reporters.JUnitReportReporter -->
<testsuite skipped="0" hostname="ADBIN0257" name="com.greenorbit.qa.testcases.LoginPageTest" tests="2" failures="0" timestamp="17 Aug 2019 17:30:50 GMT" time="37.426" errors="0">
  <testcase name="loginPageTitleTest" time="8.715" classname="com.greenorbit.qa.testcases.LoginPageTest"/>
  <testcase name="loginTest" time="28.711" classname="com.greenorbit.qa.testcases.LoginPageTest"/>
</testsuite> <!-- com.greenorbit.qa.testcases.LoginPageTest -->
